<?xml version="1.0" encoding="UTF-8"?>
<!-- Generated by org.testng.reporters.JUnitReportReporter -->
<testsuite skipped="0" hostname="insyslap20" name="buyer.testcases.request.CreateRequest" tests="7" failures="0" timestamp="07 Jun 2018 12:34:01 GMT" time="1770.334" errors="0">
  <testcase name="emptyreqchecoutpage" time="57.463" classname="buyer.testcases.request.CreateRequest"/>
  <testcase name="quantityismandatory" time="94.215" classname="buyer.testcases.request.CreateRequest"/>
  <testcase name="unitpriceismandatory" time="90.618" classname="buyer.testcases.request.CreateRequest"/>
  <testcase name="commodityismandatory" time="78.237" classname="buyer.testcases.request.CreateRequest"/>
  <testcase name="createoffcatreq" time="437.107" classname="buyer.testcases.request.CreateRequest"/>
  <testcase name="roundtripreq" time="415.614" classname="buyer.testcases.request.CreateRequest"/>
  <testcase name="multitypereq" time="597.080" classname="buyer.testcases.request.CreateRequest"/>
</testsuite> <!-- buyer.testcases.request.CreateRequest -->
