<?xml version="1.0" encoding="UTF-8"?>
<!-- Generated by org.testng.reporters.JUnitReportReporter -->
<testsuite skipped="0" hostname="anshul-HP-Pavilion-15-Notebook-PC" name="com.PerfectCommerce.utils.BrowserUtils" tests="1" failures="0" timestamp="19 Sep 2017 08:18:20 GMT" time="4.944" errors="0">
  <testcase name="init" time="4.944" classname="com.PerfectCommerce.utils.BrowserUtils"/>
</testsuite> <!-- com.PerfectCommerce.utils.BrowserUtils -->
