<?xml version="1.0" encoding="UTF-8"?>
<!-- Generated by org.testng.reporters.JUnitReportReporter -->
<testsuite skipped="0" hostname="anshul-HP-Pavilion-15-Notebook-PC" name="com.PerfectCommerce.TestCases.AppTest" tests="1" failures="0" timestamp="19 Sep 2017 10:38:39 GMT" time="0.006" errors="0">
  <testcase name="testApp" time="0.006" classname="com.PerfectCommerce.TestCases.AppTest"/>
</testsuite> <!-- com.PerfectCommerce.TestCases.AppTest -->
