<?xml version="1.0" encoding="UTF-8"?>
<!-- Generated by org.testng.reporters.JUnitReportReporter -->
<testsuite skipped="0" hostname="Insyslap39" name="com.PerfectCommerce.Registration.TestCases.WhiteLabelRegistrationTestCases" tests="1" failures="0" timestamp="13 Oct 2017 12:30:36 GMT" time="39.444" errors="0">
  <testcase name="RegistrationWithFeinForMissouri" time="39.444" classname="com.PerfectCommerce.Registration.TestCases.WhiteLabelRegistrationTestCases"/>
</testsuite> <!-- com.PerfectCommerce.Registration.TestCases.WhiteLabelRegistrationTestCases -->
