<?xml version="1.0" encoding="UTF-8"?>
<!-- Generated by org.testng.reporters.JUnitReportReporter -->
<testsuite skipped="0" hostname="Insyslap39" name="com.PerfectCommerce.Registration.TestCases.WhiteLabelRegistrationTestCases" tests="1" failures="0" timestamp="12 Oct 2017 12:01:41 GMT" time="2.279" errors="0">
  <testcase name="abc" time="2.279" classname="com.PerfectCommerce.Registration.TestCases.WhiteLabelRegistrationTestCases"/>
</testsuite> <!-- com.PerfectCommerce.Registration.TestCases.WhiteLabelRegistrationTestCases -->
