<?xml version="1.0" encoding="UTF-8"?>
<!-- Generated by org.testng.reporters.JUnitReportReporter -->
<testsuite skipped="0" hostname="Insyslap39" name="com.PerfectCommerce.TestCases.HomePageTest" tests="1" failures="0" timestamp="27 Sep 2017 13:14:19 GMT" time="0.006" errors="0">
  <testcase name="openHomepage" time="0.006" classname="com.PerfectCommerce.TestCases.HomePageTest"/>
</testsuite> <!-- com.PerfectCommerce.TestCases.HomePageTest -->
