<?xml version="1.0" encoding="UTF-8"?>
<!-- Generated by org.testng.reporters.JUnitReportReporter -->
<testsuite skipped="0" hostname="Insyslap39" name="com.PerfectCommerce.CreateSol.TestCases.CreateSolicitation" tests="1" failures="0" timestamp="29 Sep 2017 12:11:19 GMT" time="24.902" errors="0">
  <testcase name="openHomepage" time="24.902" classname="com.PerfectCommerce.CreateSol.TestCases.CreateSolicitation"/>
</testsuite> <!-- com.PerfectCommerce.CreateSol.TestCases.CreateSolicitation -->
